2022-08-07 19:16:11,055  INFO [TestNG-test=Test-1] SauceDemoMavenProjectt:41 - Browser is opened
2022-08-07 19:16:11,051  INFO [TestNG-test=Test-5] SauceDemoMavenProjectt:41 - Browser is opened
2022-08-07 19:16:11,042  INFO [TestNG-test=Test-4] SauceDemoMavenProjectt:41 - Browser is opened
2022-08-07 19:16:11,078  INFO [TestNG-test=Test-2] SauceDemoMavenProjectt:41 - Browser is opened
2022-08-07 19:16:11,110  INFO [TestNG-test=Test-3] SauceDemoMavenProjectt:41 - Browser is opened
2022-08-07 19:16:11,345  INFO [TestNG-test=Test-1] SauceDemoMavenProjectt:43 - Browser is Maximized
2022-08-07 19:16:11,382  INFO [TestNG-test=Test-4] SauceDemoMavenProjectt:43 - Browser is Maximized
2022-08-07 19:16:11,545  INFO [TestNG-test=Test-2] SauceDemoMavenProjectt:43 - Browser is Maximized
2022-08-07 19:16:11,545  INFO [TestNG-test=Test-3] SauceDemoMavenProjectt:43 - Browser is Maximized
2022-08-07 19:16:11,585  INFO [TestNG-test=Test-5] SauceDemoMavenProjectt:43 - Browser is Maximized
2022-08-07 19:16:13,912  INFO [TestNG-test=Test-1] SauceDemoMavenProjectt:45 - URL is opened
2022-08-07 19:16:13,917  INFO [TestNG-test=Test-4] SauceDemoMavenProjectt:45 - URL is opened
2022-08-07 19:16:13,956  INFO [TestNG-test=Test-5] SauceDemoMavenProjectt:45 - URL is opened
2022-08-07 19:16:13,956  INFO [TestNG-test=Test-2] SauceDemoMavenProjectt:45 - URL is opened
2022-08-07 19:16:13,959  INFO [TestNG-test=Test-3] SauceDemoMavenProjectt:45 - URL is opened
2022-08-07 19:16:14,102  INFO [TestNG-test=Test-3] SauceDemoMavenProjectt:52 - Enter the Username
2022-08-07 19:16:14,114  INFO [TestNG-test=Test-5] SauceDemoMavenProjectt:52 - Enter the Username
2022-08-07 19:16:14,122  INFO [TestNG-test=Test-2] SauceDemoMavenProjectt:52 - Enter the Username
2022-08-07 19:16:14,144  INFO [TestNG-test=Test-1] SauceDemoMavenProjectt:52 - Enter the Username
2022-08-07 19:16:14,160  INFO [TestNG-test=Test-4] SauceDemoMavenProjectt:52 - Enter the Username
2022-08-07 19:16:14,198  INFO [TestNG-test=Test-3] SauceDemoMavenProjectt:54 - Enter the password
2022-08-07 19:16:14,211  INFO [TestNG-test=Test-5] SauceDemoMavenProjectt:54 - Enter the password
2022-08-07 19:16:14,217  INFO [TestNG-test=Test-2] SauceDemoMavenProjectt:54 - Enter the password
2022-08-07 19:16:14,250  INFO [TestNG-test=Test-1] SauceDemoMavenProjectt:54 - Enter the password
2022-08-07 19:16:14,267  INFO [TestNG-test=Test-4] SauceDemoMavenProjectt:54 - Enter the password
2022-08-07 19:16:14,357  INFO [TestNG-test=Test-3] SauceDemoMavenProjectt:56 - Click on LoginButton
2022-08-07 19:16:14,358  INFO [TestNG-test=Test-3] SauceDemoMavenProjectt:57 - User Login Successfully
2022-08-07 19:16:14,381  INFO [TestNG-test=Test-2] SauceDemoMavenProjectt:56 - Click on LoginButton
2022-08-07 19:16:14,382  INFO [TestNG-test=Test-2] SauceDemoMavenProjectt:57 - User Login Successfully
2022-08-07 19:16:14,394  INFO [TestNG-test=Test-5] SauceDemoMavenProjectt:56 - Click on LoginButton
2022-08-07 19:16:14,395  INFO [TestNG-test=Test-5] SauceDemoMavenProjectt:57 - User Login Successfully
2022-08-07 19:16:14,424  INFO [TestNG-test=Test-1] SauceDemoMavenProjectt:56 - Click on LoginButton
2022-08-07 19:16:14,425  INFO [TestNG-test=Test-1] SauceDemoMavenProjectt:57 - User Login Successfully
2022-08-07 19:16:14,438  INFO [TestNG-test=Test-4] SauceDemoMavenProjectt:56 - Click on LoginButton
2022-08-07 19:16:14,439  INFO [TestNG-test=Test-4] SauceDemoMavenProjectt:57 - User Login Successfully
2022-08-07 19:16:16,898  INFO [TestNG-test=Test-1] SauceDemoMavenProjectt:66 - Browser Closed
2022-08-07 19:16:17,500  INFO [TestNG-test=Test-5] SauceDemoMavenProjectt:66 - Browser Closed
2022-08-07 19:16:17,747  INFO [TestNG-test=Test-4] SauceDemoMavenProjectt:66 - Browser Closed
2022-08-07 19:16:17,775  INFO [TestNG-test=Test-2] SauceDemoMavenProjectt:66 - Browser Closed
2022-08-07 19:16:22,256  INFO [TestNG-test=Test-3] SauceDemoMavenProjectt:66 - Browser Closed
2022-08-07 19:23:09,904  INFO [main] SauceDemoMavenProjectt:41 - Browser is opened
2022-08-07 19:23:10,035  INFO [main] SauceDemoMavenProjectt:43 - Browser is Maximized
2022-08-07 19:23:11,781  INFO [main] SauceDemoMavenProjectt:45 - URL is opened
2022-08-07 19:23:12,016  INFO [main] SauceDemoMavenProjectt:52 - Enter the Username
2022-08-07 19:23:12,094  INFO [main] SauceDemoMavenProjectt:54 - Enter the password
2022-08-07 19:23:12,201  INFO [main] SauceDemoMavenProjectt:56 - Click on LoginButton
2022-08-07 19:23:12,202  INFO [main] SauceDemoMavenProjectt:57 - User Login Successfully
2022-08-07 19:23:14,461  INFO [main] SauceDemoMavenProjectt:66 - Browser Closed
2022-08-07 19:23:15,415  INFO [main] SauceDemoMavenProjectt:41 - Browser is opened
2022-08-07 19:23:15,554  INFO [main] SauceDemoMavenProjectt:43 - Browser is Maximized
2022-08-07 19:23:16,874  INFO [main] SauceDemoMavenProjectt:45 - URL is opened
2022-08-07 19:23:16,991  INFO [main] SauceDemoMavenProjectt:52 - Enter the Username
2022-08-07 19:23:17,071  INFO [main] SauceDemoMavenProjectt:54 - Enter the password
2022-08-07 19:23:17,197  INFO [main] SauceDemoMavenProjectt:56 - Click on LoginButton
2022-08-07 19:23:17,198  INFO [main] SauceDemoMavenProjectt:57 - User Login Successfully
2022-08-07 19:23:20,209  INFO [main] SauceDemoMavenProjectt:66 - Browser Closed
2022-08-07 19:23:20,990  INFO [main] SauceDemoMavenProjectt:41 - Browser is opened
2022-08-07 19:23:21,130  INFO [main] SauceDemoMavenProjectt:43 - Browser is Maximized
2022-08-07 19:23:22,229  INFO [main] SauceDemoMavenProjectt:45 - URL is opened
2022-08-07 19:23:22,350  INFO [main] SauceDemoMavenProjectt:52 - Enter the Username
2022-08-07 19:23:22,442  INFO [main] SauceDemoMavenProjectt:54 - Enter the password
2022-08-07 19:23:22,582  INFO [main] SauceDemoMavenProjectt:56 - Click on LoginButton
2022-08-07 19:23:22,583  INFO [main] SauceDemoMavenProjectt:57 - User Login Successfully
2022-08-07 19:23:30,426  INFO [main] SauceDemoMavenProjectt:66 - Browser Closed
2022-08-07 19:23:31,270  INFO [main] SauceDemoMavenProjectt:41 - Browser is opened
2022-08-07 19:23:31,402  INFO [main] SauceDemoMavenProjectt:43 - Browser is Maximized
2022-08-07 19:23:32,516  INFO [main] SauceDemoMavenProjectt:45 - URL is opened
2022-08-07 19:23:32,628  INFO [main] SauceDemoMavenProjectt:52 - Enter the Username
2022-08-07 19:23:32,726  INFO [main] SauceDemoMavenProjectt:54 - Enter the password
2022-08-07 19:23:32,881  INFO [main] SauceDemoMavenProjectt:56 - Click on LoginButton
2022-08-07 19:23:32,881  INFO [main] SauceDemoMavenProjectt:57 - User Login Successfully
2022-08-07 19:23:35,732  INFO [main] SauceDemoMavenProjectt:66 - Browser Closed
2022-08-07 19:23:36,782  INFO [main] SauceDemoMavenProjectt:41 - Browser is opened
2022-08-07 19:23:36,918  INFO [main] SauceDemoMavenProjectt:43 - Browser is Maximized
2022-08-07 19:23:38,001  INFO [main] SauceDemoMavenProjectt:45 - URL is opened
2022-08-07 19:23:38,111  INFO [main] SauceDemoMavenProjectt:52 - Enter the Username
2022-08-07 19:23:38,203  INFO [main] SauceDemoMavenProjectt:54 - Enter the password
2022-08-07 19:23:38,338  INFO [main] SauceDemoMavenProjectt:56 - Click on LoginButton
2022-08-07 19:23:38,338  INFO [main] SauceDemoMavenProjectt:57 - User Login Successfully
2022-08-07 19:23:40,810  INFO [main] SauceDemoMavenProjectt:66 - Browser Closed
2022-08-07 19:37:27,575  INFO [main] SauceDemoMavenProjectt:41 - Browser is opened
2022-08-07 19:37:27,715  INFO [main] SauceDemoMavenProjectt:43 - Browser is Maximized
2022-08-07 19:37:28,712  INFO [main] SauceDemoMavenProjectt:45 - URL is opened
2022-08-07 19:37:28,854  INFO [main] SauceDemoMavenProjectt:52 - Enter the Username
2022-08-07 19:37:28,946  INFO [main] SauceDemoMavenProjectt:54 - Enter the password
2022-08-07 19:37:29,076  INFO [main] SauceDemoMavenProjectt:56 - Click on LoginButton
2022-08-07 19:37:29,076  INFO [main] SauceDemoMavenProjectt:57 - User Login Successfully
2022-08-07 19:37:31,107  INFO [main] SauceDemoMavenProjectt:24 - Applying The Validation
2022-08-07 19:37:31,366  INFO [main] SauceDemoMavenProjectt:66 - Browser Closed
2022-08-07 19:37:32,105  INFO [main] SauceDemoMavenProjectt:41 - Browser is opened
2022-08-07 19:37:32,243  INFO [main] SauceDemoMavenProjectt:43 - Browser is Maximized
2022-08-07 19:37:33,243  INFO [main] SauceDemoMavenProjectt:45 - URL is opened
2022-08-07 19:37:33,354  INFO [main] SauceDemoMavenProjectt:52 - Enter the Username
2022-08-07 19:37:33,445  INFO [main] SauceDemoMavenProjectt:54 - Enter the password
2022-08-07 19:37:33,573  INFO [main] SauceDemoMavenProjectt:56 - Click on LoginButton
2022-08-07 19:37:33,574  INFO [main] SauceDemoMavenProjectt:57 - User Login Successfully
2022-08-07 19:37:35,834  INFO [main] SauceDemoMavenProjectt:23 - Click on Setting button
2022-08-07 19:37:35,979  INFO [main] SauceDemoMavenProjectt:25 - Click on Logout Button
2022-08-07 19:37:36,235  INFO [main] SauceDemoMavenProjectt:27 - ScreenShot Taken
2022-08-07 19:37:36,236  INFO [main] SauceDemoMavenProjectt:29 - Applying Validation
2022-08-07 19:37:36,511  INFO [main] SauceDemoMavenProjectt:66 - Browser Closed
2022-08-07 19:37:37,215  INFO [main] SauceDemoMavenProjectt:41 - Browser is opened
2022-08-07 19:37:37,340  INFO [main] SauceDemoMavenProjectt:43 - Browser is Maximized
2022-08-07 19:37:38,426  INFO [main] SauceDemoMavenProjectt:45 - URL is opened
2022-08-07 19:37:38,535  INFO [main] SauceDemoMavenProjectt:52 - Enter the Username
2022-08-07 19:37:38,622  INFO [main] SauceDemoMavenProjectt:54 - Enter the password
2022-08-07 19:37:38,729  INFO [main] SauceDemoMavenProjectt:56 - Click on LoginButton
2022-08-07 19:37:38,729  INFO [main] SauceDemoMavenProjectt:57 - User Login Successfully
2022-08-07 19:37:45,850  INFO [main] SauceDemoMavenProjectt:24 - Clicked on BagAddToCart Button
2022-08-07 19:37:46,247  INFO [main] SauceDemoMavenProjectt:26 - ScreenShot Taken
2022-08-07 19:37:46,247  INFO [main] SauceDemoMavenProjectt:28 - Applying Validation
2022-08-07 19:37:46,500  INFO [main] SauceDemoMavenProjectt:66 - Browser Closed
2022-08-07 19:37:47,233  INFO [main] SauceDemoMavenProjectt:41 - Browser is opened
2022-08-07 19:37:47,369  INFO [main] SauceDemoMavenProjectt:43 - Browser is Maximized
2022-08-07 19:37:48,504  INFO [main] SauceDemoMavenProjectt:45 - URL is opened
2022-08-07 19:37:48,611  INFO [main] SauceDemoMavenProjectt:52 - Enter the Username
2022-08-07 19:37:48,690  INFO [main] SauceDemoMavenProjectt:54 - Enter the password
2022-08-07 19:37:48,806  INFO [main] SauceDemoMavenProjectt:56 - Click on LoginButton
2022-08-07 19:37:48,806  INFO [main] SauceDemoMavenProjectt:57 - User Login Successfully
2022-08-07 19:37:51,115  INFO [main] SauceDemoMavenProjectt:21 - Click On All products
2022-08-07 19:37:51,474  INFO [main] SauceDemoMavenProjectt:23 - ScreenShot Taken
2022-08-07 19:37:51,474  INFO [main] SauceDemoMavenProjectt:25 - Applying Validation
2022-08-07 19:37:51,687  INFO [main] SauceDemoMavenProjectt:66 - Browser Closed
2022-08-07 19:37:52,427  INFO [main] SauceDemoMavenProjectt:41 - Browser is opened
2022-08-07 19:37:52,547  INFO [main] SauceDemoMavenProjectt:43 - Browser is Maximized
2022-08-07 19:37:53,436  INFO [main] SauceDemoMavenProjectt:45 - URL is opened
2022-08-07 19:37:53,550  INFO [main] SauceDemoMavenProjectt:52 - Enter the Username
2022-08-07 19:37:53,648  INFO [main] SauceDemoMavenProjectt:54 - Enter the password
2022-08-07 19:37:53,779  INFO [main] SauceDemoMavenProjectt:56 - Click on LoginButton
2022-08-07 19:37:53,780  INFO [main] SauceDemoMavenProjectt:57 - User Login Successfully
2022-08-07 19:37:55,959  INFO [main] SauceDemoMavenProjectt:18 - User Clicked on DropDown and Selected An option
2022-08-07 19:37:56,251  INFO [main] SauceDemoMavenProjectt:20 - ScreenShot Taken
2022-08-07 19:37:56,251  INFO [main] SauceDemoMavenProjectt:22 - Apply Validation
2022-08-07 19:37:56,478  INFO [main] SauceDemoMavenProjectt:66 - Browser Closed
2022-08-08 18:32:01,826  INFO [main] SauceDemoMavenProjectt:41 - Browser is opened
2022-08-08 18:32:01,951  INFO [main] SauceDemoMavenProjectt:43 - Browser is Maximized
2022-08-08 18:32:03,247  INFO [main] SauceDemoMavenProjectt:45 - URL is opened
2022-08-08 18:32:03,400  INFO [main] SauceDemoMavenProjectt:52 - Enter the Username
2022-08-08 18:32:03,485  INFO [main] SauceDemoMavenProjectt:54 - Enter the password
2022-08-08 18:32:03,589  INFO [main] SauceDemoMavenProjectt:56 - Click on LoginButton
2022-08-08 18:32:03,589  INFO [main] SauceDemoMavenProjectt:57 - User Login Successfully
2022-08-08 18:32:05,627  INFO [main] SauceDemoMavenProjectt:24 - Applying The Validation
2022-08-08 18:32:05,912  INFO [main] SauceDemoMavenProjectt:66 - Browser Closed
2022-08-08 18:32:06,667  INFO [main] SauceDemoMavenProjectt:41 - Browser is opened
2022-08-08 18:32:06,811  INFO [main] SauceDemoMavenProjectt:43 - Browser is Maximized
2022-08-08 18:32:07,829  INFO [main] SauceDemoMavenProjectt:45 - URL is opened
2022-08-08 18:32:07,948  INFO [main] SauceDemoMavenProjectt:52 - Enter the Username
2022-08-08 18:32:08,037  INFO [main] SauceDemoMavenProjectt:54 - Enter the password
2022-08-08 18:32:08,161  INFO [main] SauceDemoMavenProjectt:56 - Click on LoginButton
2022-08-08 18:32:08,161  INFO [main] SauceDemoMavenProjectt:57 - User Login Successfully
2022-08-08 18:32:10,331  INFO [main] SauceDemoMavenProjectt:23 - Click on Setting button
2022-08-08 18:32:10,496  INFO [main] SauceDemoMavenProjectt:25 - Click on Logout Button
2022-08-08 18:32:10,851  INFO [main] SauceDemoMavenProjectt:27 - ScreenShot Taken
2022-08-08 18:32:10,851  INFO [main] SauceDemoMavenProjectt:29 - Applying Validation
2022-08-08 18:32:11,057  INFO [main] SauceDemoMavenProjectt:66 - Browser Closed
2022-08-08 18:32:11,781  INFO [main] SauceDemoMavenProjectt:41 - Browser is opened
2022-08-08 18:32:11,925  INFO [main] SauceDemoMavenProjectt:43 - Browser is Maximized
2022-08-08 18:32:13,291  INFO [main] SauceDemoMavenProjectt:45 - URL is opened
2022-08-08 18:32:13,455  INFO [main] SauceDemoMavenProjectt:52 - Enter the Username
2022-08-08 18:32:13,532  INFO [main] SauceDemoMavenProjectt:54 - Enter the password
2022-08-08 18:32:13,649  INFO [main] SauceDemoMavenProjectt:56 - Click on LoginButton
2022-08-08 18:32:13,649  INFO [main] SauceDemoMavenProjectt:57 - User Login Successfully
2022-08-08 18:32:20,838  INFO [main] SauceDemoMavenProjectt:24 - Clicked on BagAddToCart Button
2022-08-08 18:32:21,215  INFO [main] SauceDemoMavenProjectt:26 - ScreenShot Taken
2022-08-08 18:32:21,215  INFO [main] SauceDemoMavenProjectt:28 - Applying Validation
2022-08-08 18:32:21,504  INFO [main] SauceDemoMavenProjectt:66 - Browser Closed
2022-08-08 18:32:22,236  INFO [main] SauceDemoMavenProjectt:41 - Browser is opened
2022-08-08 18:32:22,367  INFO [main] SauceDemoMavenProjectt:43 - Browser is Maximized
2022-08-08 18:32:23,462  INFO [main] SauceDemoMavenProjectt:45 - URL is opened
2022-08-08 18:32:23,578  INFO [main] SauceDemoMavenProjectt:52 - Enter the Username
2022-08-08 18:32:23,666  INFO [main] SauceDemoMavenProjectt:54 - Enter the password
2022-08-08 18:32:23,784  INFO [main] SauceDemoMavenProjectt:56 - Click on LoginButton
2022-08-08 18:32:23,784  INFO [main] SauceDemoMavenProjectt:57 - User Login Successfully
2022-08-08 18:32:26,100  INFO [main] SauceDemoMavenProjectt:21 - Click On All products
2022-08-08 18:32:26,461  INFO [main] SauceDemoMavenProjectt:23 - ScreenShot Taken
2022-08-08 18:32:26,462  INFO [main] SauceDemoMavenProjectt:25 - Applying Validation
2022-08-08 18:32:26,692  INFO [main] SauceDemoMavenProjectt:66 - Browser Closed
2022-08-08 18:32:27,408  INFO [main] SauceDemoMavenProjectt:41 - Browser is opened
2022-08-08 18:32:27,537  INFO [main] SauceDemoMavenProjectt:43 - Browser is Maximized
2022-08-08 18:32:28,882  INFO [main] SauceDemoMavenProjectt:45 - URL is opened
2022-08-08 18:32:29,035  INFO [main] SauceDemoMavenProjectt:52 - Enter the Username
2022-08-08 18:32:29,120  INFO [main] SauceDemoMavenProjectt:54 - Enter the password
2022-08-08 18:32:29,228  INFO [main] SauceDemoMavenProjectt:56 - Click on LoginButton
2022-08-08 18:32:29,229  INFO [main] SauceDemoMavenProjectt:57 - User Login Successfully
2022-08-08 18:32:31,422  INFO [main] SauceDemoMavenProjectt:18 - User Clicked on DropDown and Selected An option
2022-08-08 18:32:31,618  INFO [main] SauceDemoMavenProjectt:20 - ScreenShot Taken
2022-08-08 18:32:31,618  INFO [main] SauceDemoMavenProjectt:22 - Apply Validation
2022-08-08 18:32:31,836  INFO [main] SauceDemoMavenProjectt:66 - Browser Closed
2022-09-14 17:40:42,692  INFO [main] SauceDemoMavenProjectt:41 - Browser is opened
2022-09-14 17:40:42,703  INFO [main] SauceDemoMavenProjectt:43 - Browser is Maximized
2022-09-14 17:40:44,173  INFO [main] SauceDemoMavenProjectt:45 - URL is opened
2022-09-14 17:40:44,374  INFO [main] SauceDemoMavenProjectt:52 - Enter the Username
2022-09-14 17:40:44,411  INFO [main] SauceDemoMavenProjectt:54 - Enter the password
2022-09-14 17:40:44,725  INFO [main] SauceDemoMavenProjectt:56 - Click on LoginButton
2022-09-14 17:40:44,725  INFO [main] SauceDemoMavenProjectt:57 - User Login Successfully
2022-09-14 17:40:46,756  INFO [main] SauceDemoMavenProjectt:26 - Applying The Validation
2022-09-14 17:40:47,772  INFO [main] SauceDemoMavenProjectt:66 - Browser Closed
2022-09-14 17:40:50,581  INFO [main] SauceDemoMavenProjectt:41 - Browser is opened
2022-09-14 17:40:50,581  INFO [main] SauceDemoMavenProjectt:43 - Browser is Maximized
2022-09-14 17:40:51,523  INFO [main] SauceDemoMavenProjectt:45 - URL is opened
2022-09-14 17:40:51,601  INFO [main] SauceDemoMavenProjectt:52 - Enter the Username
2022-09-14 17:40:51,632  INFO [main] SauceDemoMavenProjectt:54 - Enter the password
2022-09-14 17:40:51,899  INFO [main] SauceDemoMavenProjectt:56 - Click on LoginButton
2022-09-14 17:40:51,899  INFO [main] SauceDemoMavenProjectt:57 - User Login Successfully
2022-09-14 17:40:54,224  INFO [main] SauceDemoMavenProjectt:23 - Click on Setting button
2022-09-14 17:40:54,490  INFO [main] SauceDemoMavenProjectt:25 - Click on Logout Button
2022-09-14 17:40:54,616  INFO [main] SauceDemoMavenProjectt:27 - ScreenShot Taken
2022-09-14 17:40:54,616  INFO [main] SauceDemoMavenProjectt:29 - Applying Validation
2022-09-14 17:40:55,591  INFO [main] SauceDemoMavenProjectt:66 - Browser Closed
2022-09-14 17:40:58,369  INFO [main] SauceDemoMavenProjectt:41 - Browser is opened
2022-09-14 17:40:58,369  INFO [main] SauceDemoMavenProjectt:43 - Browser is Maximized
2022-09-14 17:41:00,231  INFO [main] SauceDemoMavenProjectt:45 - URL is opened
2022-09-14 17:41:00,425  INFO [main] SauceDemoMavenProjectt:52 - Enter the Username
2022-09-14 17:41:00,504  INFO [main] SauceDemoMavenProjectt:54 - Enter the password
2022-09-14 17:41:00,773  INFO [main] SauceDemoMavenProjectt:56 - Click on LoginButton
2022-09-14 17:41:00,774  INFO [main] SauceDemoMavenProjectt:57 - User Login Successfully
2022-09-14 17:41:08,083  INFO [main] SauceDemoMavenProjectt:24 - Clicked on BagAddToCart Button
2022-09-14 17:41:08,272  INFO [main] SauceDemoMavenProjectt:26 - ScreenShot Taken
2022-09-14 17:41:08,272  INFO [main] SauceDemoMavenProjectt:28 - Applying Validation
2022-09-14 17:41:09,104  INFO [main] SauceDemoMavenProjectt:66 - Browser Closed
2022-09-14 17:41:11,896  INFO [main] SauceDemoMavenProjectt:41 - Browser is opened
2022-09-14 17:41:11,896  INFO [main] SauceDemoMavenProjectt:43 - Browser is Maximized
2022-09-14 17:41:12,887  INFO [main] SauceDemoMavenProjectt:45 - URL is opened
2022-09-14 17:41:13,031  INFO [main] SauceDemoMavenProjectt:52 - Enter the Username
2022-09-14 17:41:13,075  INFO [main] SauceDemoMavenProjectt:54 - Enter the password
2022-09-14 17:41:13,341  INFO [main] SauceDemoMavenProjectt:56 - Click on LoginButton
2022-09-14 17:41:13,341  INFO [main] SauceDemoMavenProjectt:57 - User Login Successfully
2022-09-14 17:41:16,844  INFO [main] SauceDemoMavenProjectt:21 - Click On All products
2022-09-14 17:41:17,116  INFO [main] SauceDemoMavenProjectt:23 - ScreenShot Taken
2022-09-14 17:41:17,116  INFO [main] SauceDemoMavenProjectt:25 - Applying Validation
2022-09-14 17:41:18,075  INFO [main] SauceDemoMavenProjectt:66 - Browser Closed
2022-09-14 17:41:20,898  INFO [main] SauceDemoMavenProjectt:41 - Browser is opened
2022-09-14 17:41:20,898  INFO [main] SauceDemoMavenProjectt:43 - Browser is Maximized
2022-09-14 17:41:22,170  INFO [main] SauceDemoMavenProjectt:45 - URL is opened
2022-09-14 17:41:22,359  INFO [main] SauceDemoMavenProjectt:52 - Enter the Username
2022-09-14 17:41:22,421  INFO [main] SauceDemoMavenProjectt:54 - Enter the password
2022-09-14 17:41:22,688  INFO [main] SauceDemoMavenProjectt:56 - Click on LoginButton
2022-09-14 17:41:22,688  INFO [main] SauceDemoMavenProjectt:57 - User Login Successfully
2022-09-14 17:41:25,312  INFO [main] SauceDemoMavenProjectt:18 - User Clicked on DropDown and Selected An option
2022-09-14 17:41:25,532  INFO [main] SauceDemoMavenProjectt:20 - ScreenShot Taken
2022-09-14 17:41:25,532  INFO [main] SauceDemoMavenProjectt:22 - Apply Validation
2022-09-14 17:41:26,508  INFO [main] SauceDemoMavenProjectt:66 - Browser Closed
2022-10-05 15:31:18,164  INFO [main] SauceDemoMavenProjectt:41 - Browser is opened
2022-10-05 15:31:18,177  INFO [main] SauceDemoMavenProjectt:43 - Browser is Maximized
2022-10-05 15:31:19,130  INFO [main] SauceDemoMavenProjectt:45 - URL is opened
2022-10-05 15:31:19,310  INFO [main] SauceDemoMavenProjectt:52 - Enter the Username
2022-10-05 15:31:19,381  INFO [main] SauceDemoMavenProjectt:54 - Enter the password
2022-10-05 15:31:19,686  INFO [main] SauceDemoMavenProjectt:56 - Click on LoginButton
2022-10-05 15:31:19,687  INFO [main] SauceDemoMavenProjectt:57 - User Login Successfully
2022-10-05 15:31:21,960  INFO [main] SauceDemoMavenProjectt:23 - Click on Setting button
2022-10-05 15:31:22,205  INFO [main] SauceDemoMavenProjectt:25 - Click on Logout Button
2022-10-05 15:31:22,289  INFO [main] SauceDemoMavenProjectt:27 - ScreenShot Taken
2022-10-05 15:31:22,289  INFO [main] SauceDemoMavenProjectt:29 - Applying Validation
2022-10-05 15:31:23,471  INFO [main] SauceDemoMavenProjectt:66 - Browser Closed
2022-10-05 15:31:31,516  INFO [main] SauceDemoMavenProjectt:41 - Browser is opened
2022-10-05 15:31:31,783  INFO [main] SauceDemoMavenProjectt:43 - Browser is Maximized
2022-10-05 15:31:32,754  INFO [main] SauceDemoMavenProjectt:45 - URL is opened
2022-10-05 15:31:32,849  INFO [main] SauceDemoMavenProjectt:52 - Enter the Username
2022-10-05 15:31:32,900  INFO [main] SauceDemoMavenProjectt:54 - Enter the password
2022-10-05 15:31:33,203  INFO [main] SauceDemoMavenProjectt:56 - Click on LoginButton
2022-10-05 15:31:33,204  INFO [main] SauceDemoMavenProjectt:57 - User Login Successfully
2022-10-05 15:31:35,207  INFO [main] SauceDemoMavenProjectt:26 - Applying The Validation
2022-10-05 15:31:36,052  INFO [main] SauceDemoMavenProjectt:66 - Browser Closed
2022-10-05 15:31:38,971  INFO [main] SauceDemoMavenProjectt:41 - Browser is opened
2022-10-05 15:31:39,255  INFO [main] SauceDemoMavenProjectt:43 - Browser is Maximized
2022-10-05 15:31:40,336  INFO [main] SauceDemoMavenProjectt:45 - URL is opened
2022-10-05 15:31:40,541  INFO [main] SauceDemoMavenProjectt:52 - Enter the Username
2022-10-05 15:31:40,606  INFO [main] SauceDemoMavenProjectt:54 - Enter the password
2022-10-05 15:31:40,917  INFO [main] SauceDemoMavenProjectt:56 - Click on LoginButton
2022-10-05 15:31:40,917  INFO [main] SauceDemoMavenProjectt:57 - User Login Successfully
2022-10-05 15:31:43,570  INFO [main] SauceDemoMavenProjectt:18 - User Clicked on DropDown and Selected An option
2022-10-05 15:31:43,828  INFO [main] SauceDemoMavenProjectt:20 - ScreenShot Taken
2022-10-05 15:31:43,828  INFO [main] SauceDemoMavenProjectt:22 - Apply Validation
2022-10-05 15:31:44,647  INFO [main] SauceDemoMavenProjectt:66 - Browser Closed
2022-10-05 15:40:04,476  INFO [main] SauceDemoMavenProjectt:41 - Browser is opened
2022-10-05 15:40:04,488  INFO [main] SauceDemoMavenProjectt:43 - Browser is Maximized
2022-10-05 15:40:05,490  INFO [main] SauceDemoMavenProjectt:45 - URL is opened
2022-10-05 15:40:05,626  INFO [main] SauceDemoMavenProjectt:52 - Enter the Username
2022-10-05 15:40:05,671  INFO [main] SauceDemoMavenProjectt:54 - Enter the password
2022-10-05 15:40:05,949  INFO [main] SauceDemoMavenProjectt:56 - Click on LoginButton
2022-10-05 15:40:05,950  INFO [main] SauceDemoMavenProjectt:57 - User Login Successfully
2022-10-05 15:40:13,275  INFO [main] SauceDemoMavenProjectt:24 - Clicked on BagAddToCart Button
2022-10-05 15:40:13,543  INFO [main] SauceDemoMavenProjectt:26 - ScreenShot Taken
2022-10-05 15:40:13,543  INFO [main] SauceDemoMavenProjectt:28 - Applying Validation
2022-10-05 15:40:14,515  INFO [main] SauceDemoMavenProjectt:66 - Browser Closed
2022-10-05 15:40:17,410  INFO [main] SauceDemoMavenProjectt:41 - Browser is opened
2022-10-05 15:40:17,429  INFO [main] SauceDemoMavenProjectt:43 - Browser is Maximized
2022-10-05 15:40:18,494  INFO [main] SauceDemoMavenProjectt:45 - URL is opened
2022-10-05 15:40:18,619  INFO [main] SauceDemoMavenProjectt:52 - Enter the Username
2022-10-05 15:40:18,666  INFO [main] SauceDemoMavenProjectt:54 - Enter the password
2022-10-05 15:40:18,964  INFO [main] SauceDemoMavenProjectt:56 - Click on LoginButton
2022-10-05 15:40:18,964  INFO [main] SauceDemoMavenProjectt:57 - User Login Successfully
2022-10-05 15:40:21,239  INFO [main] SauceDemoMavenProjectt:23 - Click on Setting button
2022-10-05 15:40:21,506  INFO [main] SauceDemoMavenProjectt:25 - Click on Logout Button
2022-10-05 15:40:21,663  INFO [main] SauceDemoMavenProjectt:27 - ScreenShot Taken
2022-10-05 15:40:21,663  INFO [main] SauceDemoMavenProjectt:29 - Applying Validation
2022-10-05 15:40:22,619  INFO [main] SauceDemoMavenProjectt:66 - Browser Closed
2022-10-05 15:40:25,343  INFO [main] SauceDemoMavenProjectt:41 - Browser is opened
2022-10-05 15:40:25,343  INFO [main] SauceDemoMavenProjectt:43 - Browser is Maximized
2022-10-05 15:40:26,285  INFO [main] SauceDemoMavenProjectt:45 - URL is opened
2022-10-05 15:40:26,489  INFO [main] SauceDemoMavenProjectt:52 - Enter the Username
2022-10-05 15:40:26,601  INFO [main] SauceDemoMavenProjectt:54 - Enter the password
2022-10-05 15:40:26,885  INFO [main] SauceDemoMavenProjectt:56 - Click on LoginButton
2022-10-05 15:40:26,885  INFO [main] SauceDemoMavenProjectt:57 - User Login Successfully
2022-10-05 15:40:30,365  INFO [main] SauceDemoMavenProjectt:21 - Click On All products
2022-10-05 15:40:30,735  INFO [main] SauceDemoMavenProjectt:23 - ScreenShot Taken
2022-10-05 15:40:30,735  INFO [main] SauceDemoMavenProjectt:25 - Applying Validation
2022-10-05 15:40:31,676  INFO [main] SauceDemoMavenProjectt:66 - Browser Closed
2022-10-05 15:40:34,650  INFO [main] SauceDemoMavenProjectt:41 - Browser is opened
2022-10-05 15:40:34,665  INFO [main] SauceDemoMavenProjectt:43 - Browser is Maximized
2022-10-05 15:40:35,577  INFO [main] SauceDemoMavenProjectt:45 - URL is opened
2022-10-05 15:40:35,806  INFO [main] SauceDemoMavenProjectt:52 - Enter the Username
2022-10-05 15:40:35,891  INFO [main] SauceDemoMavenProjectt:54 - Enter the password
2022-10-05 15:40:36,189  INFO [main] SauceDemoMavenProjectt:56 - Click on LoginButton
2022-10-05 15:40:36,189  INFO [main] SauceDemoMavenProjectt:57 - User Login Successfully
2022-10-05 15:40:38,199  INFO [main] SauceDemoMavenProjectt:26 - Applying The Validation
2022-10-05 15:40:39,016  INFO [main] SauceDemoMavenProjectt:66 - Browser Closed
2022-10-05 15:40:42,020  INFO [main] SauceDemoMavenProjectt:41 - Browser is opened
2022-10-05 15:40:42,020  INFO [main] SauceDemoMavenProjectt:43 - Browser is Maximized
2022-10-05 15:40:43,083  INFO [main] SauceDemoMavenProjectt:45 - URL is opened
2022-10-05 15:40:43,261  INFO [main] SauceDemoMavenProjectt:52 - Enter the Username
2022-10-05 15:40:43,323  INFO [main] SauceDemoMavenProjectt:54 - Enter the password
2022-10-05 15:40:43,637  INFO [main] SauceDemoMavenProjectt:56 - Click on LoginButton
2022-10-05 15:40:43,637  INFO [main] SauceDemoMavenProjectt:57 - User Login Successfully
2022-10-05 15:40:46,289  INFO [main] SauceDemoMavenProjectt:18 - User Clicked on DropDown and Selected An option
2022-10-05 15:40:46,571  INFO [main] SauceDemoMavenProjectt:20 - ScreenShot Taken
2022-10-05 15:40:46,571  INFO [main] SauceDemoMavenProjectt:22 - Apply Validation
2022-10-05 15:40:47,389  INFO [main] SauceDemoMavenProjectt:66 - Browser Closed
2022-10-05 15:42:23,704  INFO [main] SauceDemoMavenProjectt:41 - Browser is opened
2022-10-05 15:42:23,835  INFO [main] SauceDemoMavenProjectt:43 - Browser is Maximized
2022-10-05 15:42:25,284  INFO [main] SauceDemoMavenProjectt:45 - URL is opened
2022-10-05 15:42:25,468  INFO [main] SauceDemoMavenProjectt:52 - Enter the Username
2022-10-05 15:42:25,543  INFO [main] SauceDemoMavenProjectt:54 - Enter the password
2022-10-05 15:42:25,656  INFO [main] SauceDemoMavenProjectt:56 - Click on LoginButton
2022-10-05 15:42:25,656  INFO [main] SauceDemoMavenProjectt:57 - User Login Successfully
2022-10-05 15:42:32,952  INFO [main] SauceDemoMavenProjectt:24 - Clicked on BagAddToCart Button
2022-10-05 15:42:33,350  INFO [main] SauceDemoMavenProjectt:26 - ScreenShot Taken
2022-10-05 15:42:33,350  INFO [main] SauceDemoMavenProjectt:28 - Applying Validation
2022-10-05 15:42:33,627  INFO [main] SauceDemoMavenProjectt:66 - Browser Closed
2022-10-05 15:42:34,688  INFO [main] SauceDemoMavenProjectt:41 - Browser is opened
2022-10-05 15:42:34,809  INFO [main] SauceDemoMavenProjectt:43 - Browser is Maximized
2022-10-05 15:42:35,776  INFO [main] SauceDemoMavenProjectt:45 - URL is opened
2022-10-05 15:42:35,888  INFO [main] SauceDemoMavenProjectt:52 - Enter the Username
2022-10-05 15:42:35,980  INFO [main] SauceDemoMavenProjectt:54 - Enter the password
2022-10-05 15:42:36,107  INFO [main] SauceDemoMavenProjectt:56 - Click on LoginButton
2022-10-05 15:42:36,107  INFO [main] SauceDemoMavenProjectt:57 - User Login Successfully
2022-10-05 15:42:38,349  INFO [main] SauceDemoMavenProjectt:23 - Click on Setting button
2022-10-05 15:42:38,450  INFO [main] SauceDemoMavenProjectt:25 - Click on Logout Button
2022-10-05 15:42:38,616  INFO [main] SauceDemoMavenProjectt:27 - ScreenShot Taken
2022-10-05 15:42:38,616  INFO [main] SauceDemoMavenProjectt:29 - Applying Validation
2022-10-05 15:42:38,826  INFO [main] SauceDemoMavenProjectt:66 - Browser Closed
2022-10-05 15:42:39,679  INFO [main] SauceDemoMavenProjectt:41 - Browser is opened
2022-10-05 15:42:39,813  INFO [main] SauceDemoMavenProjectt:43 - Browser is Maximized
2022-10-05 15:42:40,752  INFO [main] SauceDemoMavenProjectt:45 - URL is opened
2022-10-05 15:42:40,860  INFO [main] SauceDemoMavenProjectt:52 - Enter the Username
2022-10-05 15:42:40,953  INFO [main] SauceDemoMavenProjectt:54 - Enter the password
2022-10-05 15:42:41,085  INFO [main] SauceDemoMavenProjectt:56 - Click on LoginButton
2022-10-05 15:42:41,085  INFO [main] SauceDemoMavenProjectt:57 - User Login Successfully
2022-10-05 15:42:43,790  INFO [main] SauceDemoMavenProjectt:21 - Click On All products
2022-10-05 15:42:44,248  INFO [main] SauceDemoMavenProjectt:23 - ScreenShot Taken
2022-10-05 15:42:44,249  INFO [main] SauceDemoMavenProjectt:25 - Applying Validation
2022-10-05 15:42:44,505  INFO [main] SauceDemoMavenProjectt:66 - Browser Closed
2022-10-05 15:42:45,318  INFO [main] SauceDemoMavenProjectt:41 - Browser is opened
2022-10-05 15:42:45,447  INFO [main] SauceDemoMavenProjectt:43 - Browser is Maximized
2022-10-05 15:42:46,472  INFO [main] SauceDemoMavenProjectt:45 - URL is opened
2022-10-05 15:42:46,581  INFO [main] SauceDemoMavenProjectt:52 - Enter the Username
2022-10-05 15:42:46,674  INFO [main] SauceDemoMavenProjectt:54 - Enter the password
2022-10-05 15:42:46,809  INFO [main] SauceDemoMavenProjectt:56 - Click on LoginButton
2022-10-05 15:42:46,809  INFO [main] SauceDemoMavenProjectt:57 - User Login Successfully
2022-10-05 15:42:48,823  INFO [main] SauceDemoMavenProjectt:26 - Applying The Validation
2022-10-05 15:42:49,024  INFO [main] SauceDemoMavenProjectt:66 - Browser Closed
2022-10-05 15:42:49,852  INFO [main] SauceDemoMavenProjectt:41 - Browser is opened
2022-10-05 15:42:49,983  INFO [main] SauceDemoMavenProjectt:43 - Browser is Maximized
2022-10-05 15:42:50,832  INFO [main] SauceDemoMavenProjectt:45 - URL is opened
2022-10-05 15:42:50,943  INFO [main] SauceDemoMavenProjectt:52 - Enter the Username
2022-10-05 15:42:51,040  INFO [main] SauceDemoMavenProjectt:54 - Enter the password
2022-10-05 15:42:51,171  INFO [main] SauceDemoMavenProjectt:56 - Click on LoginButton
2022-10-05 15:42:51,172  INFO [main] SauceDemoMavenProjectt:57 - User Login Successfully
2022-10-05 15:42:53,512  INFO [main] SauceDemoMavenProjectt:18 - User Clicked on DropDown and Selected An option
2022-10-05 15:42:53,863  INFO [main] SauceDemoMavenProjectt:20 - ScreenShot Taken
2022-10-05 15:42:53,863  INFO [main] SauceDemoMavenProjectt:22 - Apply Validation
2022-10-05 15:42:54,099  INFO [main] SauceDemoMavenProjectt:66 - Browser Closed
2022-10-05 15:44:09,563  INFO [main] SauceDemoMavenProjectt:41 - Browser is opened
2022-10-05 15:44:09,692  INFO [main] SauceDemoMavenProjectt:43 - Browser is Maximized
2022-10-05 15:44:10,649  INFO [main] SauceDemoMavenProjectt:45 - URL is opened
2022-10-05 15:44:10,808  INFO [main] SauceDemoMavenProjectt:52 - Enter the Username
2022-10-05 15:44:10,905  INFO [main] SauceDemoMavenProjectt:54 - Enter the password
2022-10-05 15:44:11,036  INFO [main] SauceDemoMavenProjectt:56 - Click on LoginButton
2022-10-05 15:44:11,036  INFO [main] SauceDemoMavenProjectt:57 - User Login Successfully
2022-10-05 15:44:13,168  INFO [main] SauceDemoMavenProjectt:16 - user click on bag product
2022-10-05 15:44:13,237  INFO [main] SauceDemoMavenProjectt:18 - user click on cartbucket
2022-10-05 15:44:13,305  INFO [main] SauceDemoMavenProjectt:22 - User click on checkout button
2022-10-05 15:44:13,518  INFO [main] SauceDemoMavenProjectt:66 - Browser Closed
2022-10-05 15:44:38,717  INFO [main] SauceDemoMavenProjectt:41 - Browser is opened
2022-10-05 15:44:38,851  INFO [main] SauceDemoMavenProjectt:43 - Browser is Maximized
2022-10-05 15:44:39,915  INFO [main] SauceDemoMavenProjectt:45 - URL is opened
2022-10-05 15:44:40,067  INFO [main] SauceDemoMavenProjectt:52 - Enter the Username
2022-10-05 15:44:40,161  INFO [main] SauceDemoMavenProjectt:54 - Enter the password
2022-10-05 15:44:40,302  INFO [main] SauceDemoMavenProjectt:56 - Click on LoginButton
2022-10-05 15:44:40,302  INFO [main] SauceDemoMavenProjectt:57 - User Login Successfully
2022-10-05 15:44:42,516  INFO [main] SauceDemoMavenProjectt:16 - user click on bag product
2022-10-05 15:44:42,576  INFO [main] SauceDemoMavenProjectt:18 - user click on cartbucket
2022-10-05 15:44:42,635  INFO [main] SauceDemoMavenProjectt:22 - User click on checkout button
2022-10-05 16:03:42,335  INFO [main] SauceDemoMavenProjectt:41 - Browser is opened
2022-10-05 16:03:42,466  INFO [main] SauceDemoMavenProjectt:43 - Browser is Maximized
2022-10-05 16:03:44,244  INFO [main] SauceDemoMavenProjectt:45 - URL is opened
2022-10-05 16:03:44,556  INFO [main] SauceDemoMavenProjectt:52 - Enter the Username
2022-10-05 16:03:44,625  INFO [main] SauceDemoMavenProjectt:54 - Enter the password
2022-10-05 16:03:44,743  INFO [main] SauceDemoMavenProjectt:56 - Click on LoginButton
2022-10-05 16:03:44,743  INFO [main] SauceDemoMavenProjectt:57 - User Login Successfully
2022-10-05 16:03:46,925  INFO [main] SauceDemoMavenProjectt:17 - user click on bag product
2022-10-05 16:03:46,982  INFO [main] SauceDemoMavenProjectt:19 - user click on cartbucket
2022-10-05 16:03:47,049  INFO [main] SauceDemoMavenProjectt:23 - User click on checkout button
2022-10-05 16:20:41,646  INFO [main] SauceDemoMavenProjectt:41 - Browser is opened
2022-10-05 16:20:41,777  INFO [main] SauceDemoMavenProjectt:43 - Browser is Maximized
2022-10-05 16:20:42,587  INFO [main] SauceDemoMavenProjectt:45 - URL is opened
2022-10-05 16:20:42,734  INFO [main] SauceDemoMavenProjectt:52 - Enter the Username
2022-10-05 16:20:42,832  INFO [main] SauceDemoMavenProjectt:54 - Enter the password
2022-10-05 16:20:42,962  INFO [main] SauceDemoMavenProjectt:56 - Click on LoginButton
2022-10-05 16:20:42,963  INFO [main] SauceDemoMavenProjectt:57 - User Login Successfully
2022-10-05 16:20:45,179  INFO [main] SauceDemoMavenProjectt:17 - user click on bag product
2022-10-05 16:20:45,263  INFO [main] SauceDemoMavenProjectt:19 - user click on cartbucket
2022-10-05 16:20:45,335  INFO [main] SauceDemoMavenProjectt:23 - User click on checkout button
2022-10-05 16:24:12,916  INFO [main] SauceDemoMavenProjectt:41 - Browser is opened
2022-10-05 16:24:13,055  INFO [main] SauceDemoMavenProjectt:43 - Browser is Maximized
2022-10-05 16:24:14,537  INFO [main] SauceDemoMavenProjectt:45 - URL is opened
2022-10-05 16:24:14,689  INFO [main] SauceDemoMavenProjectt:52 - Enter the Username
2022-10-05 16:24:14,786  INFO [main] SauceDemoMavenProjectt:54 - Enter the password
2022-10-05 16:24:14,889  INFO [main] SauceDemoMavenProjectt:56 - Click on LoginButton
2022-10-05 16:24:14,890  INFO [main] SauceDemoMavenProjectt:57 - User Login Successfully
2022-10-05 16:24:17,015  INFO [main] SauceDemoMavenProjectt:17 - user click on bag product
2022-10-05 16:24:17,080  INFO [main] SauceDemoMavenProjectt:19 - user click on cartbucket
2022-10-05 16:24:17,146  INFO [main] SauceDemoMavenProjectt:23 - User click on checkout button
2022-10-05 16:30:56,017  INFO [main] SauceDemoMavenProjectt:41 - Browser is opened
2022-10-05 16:30:56,152  INFO [main] SauceDemoMavenProjectt:43 - Browser is Maximized
2022-10-05 16:31:37,651  INFO [main] SauceDemoMavenProjectt:41 - Browser is opened
2022-10-05 16:31:37,785  INFO [main] SauceDemoMavenProjectt:43 - Browser is Maximized
2022-10-05 16:31:38,636  INFO [main] SauceDemoMavenProjectt:45 - URL is opened
2022-10-05 16:31:38,796  INFO [main] SauceDemoMavenProjectt:52 - Enter the Username
2022-10-05 16:31:38,894  INFO [main] SauceDemoMavenProjectt:54 - Enter the password
2022-10-05 16:31:39,037  INFO [main] SauceDemoMavenProjectt:56 - Click on LoginButton
2022-10-05 16:31:39,038  INFO [main] SauceDemoMavenProjectt:57 - User Login Successfully
2022-10-05 16:31:41,247  INFO [main] SauceDemoMavenProjectt:17 - user click on bag product
2022-10-05 16:31:41,329  INFO [main] SauceDemoMavenProjectt:19 - user click on cartbucket
2022-10-05 16:31:41,402  INFO [main] SauceDemoMavenProjectt:23 - User click on checkout button
